<?xml version="1.0" encoding="UTF-8"?>
<testng-results ignored="0" total="1" passed="1" failed="0" skipped="0">
  <reporter-output>
  </reporter-output>
  <suite started-at="2025-10-23T15:28:44 IST" name="Suite" finished-at="2025-10-23T15:29:11 IST" duration-ms="27006">
    <groups>
    </groups>
    <test started-at="2025-10-23T15:28:44 IST" name="Test" finished-at="2025-10-23T15:29:11 IST" duration-ms="27006">
      <class name="com.tests.LoginTest">
        <test-method is-config="true" signature="setUp()[pri:0, instance:com.tests.LoginTest@7ed7259e]" started-at="2025-10-23T15:28:44 IST" name="setUp" finished-at="2025-10-23T15:28:51 IST" duration-ms="6226" status="PASS">
          <reporter-output>
          </reporter-output>
        </test-method> <!-- setUp -->
        <test-method signature="loginSuccessfull()[pri:0, instance:com.tests.LoginTest@7ed7259e]" started-at="2025-10-23T15:28:51 IST" name="loginSuccessfull" finished-at="2025-10-23T15:29:11 IST" duration-ms="19962" status="PASS">
          <reporter-output>
          </reporter-output>
        </test-method> <!-- loginSuccessfull -->
      </class> <!-- com.tests.LoginTest -->
    </test> <!-- Test -->
  </suite> <!-- Suite -->
</testng-results>
