<?xml version="1.0" encoding="UTF-8"?>
<testng-results ignored="0" total="1" passed="1" failed="0" skipped="0">
  <reporter-output>
  </reporter-output>
  <suite started-at="2025-10-23T11:13:29 IST" name="Default suite" finished-at="2025-10-23T11:13:55 IST" duration-ms="26212">
    <groups>
    </groups>
    <test started-at="2025-10-23T11:13:29 IST" name="Default test" finished-at="2025-10-23T11:13:55 IST" duration-ms="26212">
      <class name="com.tests.LoginTest">
        <test-method is-config="true" signature="setUp()[pri:0, instance:com.tests.LoginTest@3d51f06e]" started-at="2025-10-23T11:13:29 IST" name="setUp" finished-at="2025-10-23T11:13:39 IST" duration-ms="10373" status="PASS">
          <reporter-output>
          </reporter-output>
        </test-method> <!-- setUp -->
        <test-method signature="loginSuccessfull()[pri:0, instance:com.tests.LoginTest@3d51f06e]" started-at="2025-10-23T11:13:39 IST" name="loginSuccessfull" finished-at="2025-10-23T11:13:55 IST" duration-ms="15771" status="PASS">
          <reporter-output>
          </reporter-output>
        </test-method> <!-- loginSuccessfull -->
      </class> <!-- com.tests.LoginTest -->
    </test> <!-- Default test -->
  </suite> <!-- Default suite -->
</testng-results>
